<?xml version="1.0" encoding="UTF-8"?>
<!-- Generated by org.testng.reporters.JUnitReportReporter -->
<testsuite skipped="0" hostname="DESKTOP-7IHRSOT" name="com.qa.tests.TestDemo" tests="4" failures="0" timestamp="2021-07-11T21:36:42 IST" time="0.003" errors="0">
  <testcase name="m2" time="0.000" classname="com.qa.tests.TestDemo"/>
  <system-out/>
  <testcase name="m3" time="0.000" classname="com.qa.tests.TestDemo"/>
  <system-out/>
  <testcase name="m1" time="0.003" classname="com.qa.tests.TestDemo"/>
  <system-out/>
  <testcase name="m4" time="0.000" classname="com.qa.tests.TestDemo"/>
  <system-out/>
</testsuite> <!-- com.qa.tests.TestDemo -->
