<?xml version="1.0" encoding="UTF-8"?>
<!-- Generated by org.testng.reporters.JUnitReportReporter -->
<testsuite skipped="0" hostname="DESKTOP-7IHRSOT" name="com.qa.tests.TestDemo3" tests="4" failures="0" timestamp="2021-07-11T21:36:42 IST" time="0.002" errors="0">
  <testcase name="m31" time="0.001" classname="com.qa.tests.TestDemo3"/>
  <system-out/>
  <testcase name="m32" time="0.000" classname="com.qa.tests.TestDemo3"/>
  <system-out/>
  <testcase name="m34" time="0.000" classname="com.qa.tests.TestDemo3"/>
  <system-out/>
  <testcase name="m33" time="0.001" classname="com.qa.tests.TestDemo3"/>
  <system-out/>
</testsuite> <!-- com.qa.tests.TestDemo3 -->
