<?xml version="1.0" encoding="UTF-8"?>
<!-- Generated by org.testng.reporters.JUnitReportReporter -->
<testsuite skipped="0" hostname="DESKTOP-7IHRSOT" name="com.qa.tests.TestDemo2" tests="4" failures="0" timestamp="2021-07-11T21:34:17 IST" time="0.003" errors="0">
  <testcase name="m22" time="0.001" classname="com.qa.tests.TestDemo2"/>
  <system-out/>
  <testcase name="m24" time="0.001" classname="com.qa.tests.TestDemo2"/>
  <system-out/>
  <testcase name="m21" time="0.000" classname="com.qa.tests.TestDemo2"/>
  <system-out/>
  <testcase name="m23" time="0.001" classname="com.qa.tests.TestDemo2"/>
  <system-out/>
</testsuite> <!-- com.qa.tests.TestDemo2 -->
