<?xml version="1.0" encoding="UTF-8"?>
<!-- Generated by org.testng.reporters.JUnitReportReporter -->
<testsuite skipped="0" hostname="DESKTOP-7IHRSOT" name="TestDemo" tests="4" failures="0" timestamp="2021-07-11T21:30:14 IST" time="0.010" errors="0">
  <testcase name="m1" time="0.007" classname="TestDemo"/>
  <system-out/>
  <testcase name="m3" time="0.001" classname="TestDemo"/>
  <system-out/>
  <testcase name="m4" time="0.001" classname="TestDemo"/>
  <system-out/>
  <testcase name="m2" time="0.001" classname="TestDemo"/>
  <system-out/>
</testsuite> <!-- TestDemo -->
