<?xml version="1.0" encoding="UTF-8"?>
<!-- Generated by org.testng.reporters.JUnitReportReporter -->
<testsuite skipped="0" hostname="DESKTOP-7IHRSOT" name="TestDemo3" tests="4" failures="0" timestamp="2021-07-11T21:30:14 IST" time="0.000" errors="0">
  <testcase name="m32" time="0.000" classname="TestDemo3"/>
  <system-out/>
  <testcase name="m33" time="0.000" classname="TestDemo3"/>
  <system-out/>
  <testcase name="m31" time="0.000" classname="TestDemo3"/>
  <system-out/>
  <testcase name="m34" time="0.000" classname="TestDemo3"/>
  <system-out/>
</testsuite> <!-- TestDemo3 -->
